2022-06-27 16:22:32 INFO  root:27 - Hola mundo
2022-06-27 16:25:52 INFO  root:22 - Hola mundo
2022-06-27 16:50:09 INFO  root:22 - Hola mundo
2022-06-27 18:28:32 INFO  root:22 - Hola mundo
2022-06-27 18:46:26 INFO  root:26 - Hola mundo
2022-06-27 18:46:26 ERROR root:27 - Error el estudiante no existe
2022-06-27 20:01:47 INFO  root:49 - Persona [id=3, nombre=Romi, apellido=Ram]
2022-06-27 20:02:05 INFO  root:49 - Persona [id=4, nombre=Romina, apellido=Ramirez]
2022-06-27 20:03:48 INFO  root:49 - Persona [id=4, nombre=Xavier, apellido=Agullar]
2022-06-27 21:32:49 INFO  root:97 - Estudiante [id=1, nombre=Xavier, apellido=Aguilar, correo=kevinjkevps4@gmail.com, edad=24]
2022-06-28 18:31:25 INFO  root:58 - [Persona [id=3, nombre=Romi, apellido=Ram], Persona [id=4, nombre=Xavier, apellido=Agullar]]
2022-06-28 18:32:21 INFO  root:58 - Lista: [Persona [id=3, nombre=Romi, apellido=Ram], Persona [id=4, nombre=Xavier, apellido=Agullar]]
2022-06-28 18:38:19 INFO  root:58 - Lista: [Persona [id=4, nombre=Xavier, apellido=Agullar], Persona [id=3, nombre=Romi, apellido=Ram]]
2022-06-28 19:47:23 INFO  root:105 - Dato con JPA: Persona [id=4, nombre=Xavier, apellido=Agullar]
2022-06-28 20:06:02 INFO  root:66 - Dato con JPA: null
2022-06-28 20:06:28 INFO  root:66 - Dato con JPA: Persona [id=7, nombre=Victoria, apellido=Velasco]
2022-06-28 21:04:45 INFO  root:96 - Dato con JPA: Estudiante [id=1, nombre=Xavier, apellido=Aguilar, correo=kevinjkevps4@gmail.com, edad=24]
2022-06-28 21:10:43 INFO  root:104 - Dato con JPA: Estudiante [id=1, nombre=Xavi, apellido=Aguilar, correo=kevinjkevps4@gmai.com, edad=24]
2022-07-05 19:46:39 INFO  root:83 - Dato con JPQL: Persona [id=11, nombre=Pepe12, apellido=Matamoros, genero=M, cedula=1724441265]
2022-07-05 19:49:57 INFO  root:61 - Dato con JPQL: Persona [id=12, nombre=Pepe12, apellido=Matamoros, genero=M, cedula=545165454]
2022-07-05 20:07:27 INFO  root:65 - Persona encontrada: Persona [id=12, nombre=Pepe12, apellido=Matamoros, genero=M, cedula=545165454]
2022-07-05 20:07:27 INFO  root:70 - Personas buscadas por apellido: [Persona [id=9, nombre=Pepe12, apellido=Matamoros, genero=null, cedula=null], Persona [id=10, nombre=Pepe12, apellido=Matamoros, genero=null, cedula=null], Persona [id=11, nombre=Pepe12, apellido=Matamoros, genero=M, cedula=1724441265], Persona [id=12, nombre=Pepe12, apellido=Matamoros, genero=M, cedula=545165454]]
2022-07-05 20:07:27 INFO  root:70 - Personas buscadas por apellido: [Persona [id=9, nombre=Pepe12, apellido=Matamoros, genero=null, cedula=null], Persona [id=10, nombre=Pepe12, apellido=Matamoros, genero=null, cedula=null], Persona [id=11, nombre=Pepe12, apellido=Matamoros, genero=M, cedula=1724441265], Persona [id=12, nombre=Pepe12, apellido=Matamoros, genero=M, cedula=545165454]]
2022-07-05 20:07:27 INFO  root:70 - Personas buscadas por apellido: [Persona [id=9, nombre=Pepe12, apellido=Matamoros, genero=null, cedula=null], Persona [id=10, nombre=Pepe12, apellido=Matamoros, genero=null, cedula=null], Persona [id=11, nombre=Pepe12, apellido=Matamoros, genero=M, cedula=1724441265], Persona [id=12, nombre=Pepe12, apellido=Matamoros, genero=M, cedula=545165454]]
2022-07-05 20:07:27 INFO  root:70 - Personas buscadas por apellido: [Persona [id=9, nombre=Pepe12, apellido=Matamoros, genero=null, cedula=null], Persona [id=10, nombre=Pepe12, apellido=Matamoros, genero=null, cedula=null], Persona [id=11, nombre=Pepe12, apellido=Matamoros, genero=M, cedula=1724441265], Persona [id=12, nombre=Pepe12, apellido=Matamoros, genero=M, cedula=545165454]]
2022-07-05 20:09:38 INFO  root:70 - Personas buscadas por apellido: [Persona [id=9, nombre=Pepe12, apellido=Matamoros, genero=null, cedula=null], Persona [id=10, nombre=Pepe12, apellido=Matamoros, genero=null, cedula=null], Persona [id=11, nombre=Pepe12, apellido=Matamoros, genero=M, cedula=1724441265], Persona [id=12, nombre=Pepe12, apellido=Matamoros, genero=M, cedula=545165454]]
2022-07-05 20:09:38 INFO  root:70 - Personas buscadas por apellido: [Persona [id=9, nombre=Pepe12, apellido=Matamoros, genero=null, cedula=null], Persona [id=10, nombre=Pepe12, apellido=Matamoros, genero=null, cedula=null], Persona [id=11, nombre=Pepe12, apellido=Matamoros, genero=M, cedula=1724441265], Persona [id=12, nombre=Pepe12, apellido=Matamoros, genero=M, cedula=545165454]]
2022-07-05 20:09:38 INFO  root:70 - Personas buscadas por apellido: [Persona [id=9, nombre=Pepe12, apellido=Matamoros, genero=null, cedula=null], Persona [id=10, nombre=Pepe12, apellido=Matamoros, genero=null, cedula=null], Persona [id=11, nombre=Pepe12, apellido=Matamoros, genero=M, cedula=1724441265], Persona [id=12, nombre=Pepe12, apellido=Matamoros, genero=M, cedula=545165454]]
2022-07-05 20:09:38 INFO  root:70 - Personas buscadas por apellido: [Persona [id=9, nombre=Pepe12, apellido=Matamoros, genero=null, cedula=null], Persona [id=10, nombre=Pepe12, apellido=Matamoros, genero=null, cedula=null], Persona [id=11, nombre=Pepe12, apellido=Matamoros, genero=M, cedula=1724441265], Persona [id=12, nombre=Pepe12, apellido=Matamoros, genero=M, cedula=545165454]]
2022-07-05 20:12:02 INFO  root:70 - Personas buscadas por apellido: [Persona [id=9, nombre=Pepe12, apellido=Matamoros, genero=null, cedula=null], Persona [id=10, nombre=Pepe12, apellido=Matamoros, genero=null, cedula=null], Persona [id=11, nombre=Pepe12, apellido=Matamoros, genero=M, cedula=1724441265], Persona [id=12, nombre=Pepe12, apellido=Matamoros, genero=M, cedula=545165454]]
2022-07-05 20:12:02 INFO  root:70 - Personas buscadas por apellido: [Persona [id=9, nombre=Pepe12, apellido=Matamoros, genero=null, cedula=null], Persona [id=10, nombre=Pepe12, apellido=Matamoros, genero=null, cedula=null], Persona [id=11, nombre=Pepe12, apellido=Matamoros, genero=M, cedula=1724441265], Persona [id=12, nombre=Pepe12, apellido=Matamoros, genero=M, cedula=545165454]]
2022-07-05 20:12:02 INFO  root:70 - Personas buscadas por apellido: [Persona [id=9, nombre=Pepe12, apellido=Matamoros, genero=null, cedula=null], Persona [id=10, nombre=Pepe12, apellido=Matamoros, genero=null, cedula=null], Persona [id=11, nombre=Pepe12, apellido=Matamoros, genero=M, cedula=1724441265], Persona [id=12, nombre=Pepe12, apellido=Matamoros, genero=M, cedula=545165454]]
2022-07-05 20:12:02 INFO  root:70 - Personas buscadas por apellido: [Persona [id=9, nombre=Pepe12, apellido=Matamoros, genero=null, cedula=null], Persona [id=10, nombre=Pepe12, apellido=Matamoros, genero=null, cedula=null], Persona [id=11, nombre=Pepe12, apellido=Matamoros, genero=M, cedula=1724441265], Persona [id=12, nombre=Pepe12, apellido=Matamoros, genero=M, cedula=545165454]]
2022-07-05 20:12:22 INFO  root:70 - Personas buscadas por apellido: Persona [id=9, nombre=Pepe12, apellido=Matamoros, genero=null, cedula=null]
2022-07-05 20:12:22 INFO  root:70 - Personas buscadas por apellido: Persona [id=10, nombre=Pepe12, apellido=Matamoros, genero=null, cedula=null]
2022-07-05 20:12:22 INFO  root:70 - Personas buscadas por apellido: Persona [id=11, nombre=Pepe12, apellido=Matamoros, genero=M, cedula=1724441265]
2022-07-05 20:12:22 INFO  root:70 - Personas buscadas por apellido: Persona [id=12, nombre=Pepe12, apellido=Matamoros, genero=M, cedula=545165454]
2022-07-08 13:25:07 INFO  root:70 - Personas buscadas por apellido: Persona [id=9, nombre=Pepe12, apellido=Matamoros, genero=null, cedula=null]
2022-07-08 13:25:07 INFO  root:70 - Personas buscadas por apellido: Persona [id=10, nombre=Pepe12, apellido=Matamoros, genero=null, cedula=null]
2022-07-08 13:25:07 INFO  root:70 - Personas buscadas por apellido: Persona [id=11, nombre=Pepe12, apellido=Matamoros, genero=M, cedula=1724441265]
2022-07-08 13:25:07 INFO  root:70 - Personas buscadas por apellido: Persona [id=12, nombre=Pepe12, apellido=Matamoros, genero=M, cedula=545165454]
2022-07-08 13:25:07 INFO  root:76 - Personas buscadas por genero: Persona [id=13, nombre=Rom, apellido=Aguilar, genero=F, cedula=45612315]
2022-07-08 13:25:07 INFO  root:82 - Personas buscadas por nombre: Persona [id=13, nombre=Rom, apellido=Aguilar, genero=F, cedula=45612315]
2022-07-08 19:13:56 INFO  root:63 - Cantidad de registros actualizados: 4
2022-07-08 19:39:08 INFO  root:67 - Cantidad de registros eliminados: 2
2022-07-10 16:39:33 INFO  root:76 - Cantidad de registros eliminados: 2
2022-07-11 19:12:15 INFO  root:140 - Persona encontrada: Persona [id=18, nombre=Carolina, apellido=Isasia, genero=F, cedula=8884541]
2022-07-11 19:12:15 INFO  root:144 - Persona encontrada: Persona [id=15, nombre=Samantha, apellido=Jara, genero=F, cedula=7848484]
2022-07-11 19:12:15 INFO  root:147 - Persona encontrada: Persona [id=13, nombre=Rom, apellido=Aguilar, genero=F, cedula=45612315]
2022-07-11 19:12:50 INFO  root:140 - Persona encontrada con typed: Persona [id=18, nombre=Carolina, apellido=Isasia, genero=F, cedula=8884541]
2022-07-11 19:12:50 INFO  root:144 - Persona encontrada con Named: Persona [id=15, nombre=Samantha, apellido=Jara, genero=F, cedula=7848484]
2022-07-11 19:12:50 INFO  root:147 - Persona encontrada con TypedNamed: Persona [id=13, nombre=Rom, apellido=Aguilar, genero=F, cedula=45612315]
2022-07-11 19:49:29 INFO  root:142 - Persona encontrada con typed: Persona [id=18, nombre=Carolina, apellido=Isasia, genero=F, cedula=8884541]
2022-07-11 19:49:29 INFO  root:146 - Persona encontrada con Named: Persona [id=15, nombre=Samantha, apellido=Jara, genero=F, cedula=7848484]
2022-07-11 19:49:29 INFO  root:149 - Persona encontrada con TypedQuery y NamedQuery: Persona [id=13, nombre=Rom, apellido=Aguilar, genero=F, cedula=45612315]
2022-07-11 19:49:29 INFO  root:154 - Personas buscadas por nombre y apellido: Persona [id=13, nombre=Rom, apellido=Aguilar, genero=F, cedula=45612315]
2022-07-11 19:50:37 INFO  root:142 - Persona encontrada con typed: Persona [id=18, nombre=Carolina, apellido=Isasia, genero=F, cedula=8884541]
2022-07-11 19:50:37 INFO  root:146 - Persona encontrada con Named: Persona [id=15, nombre=Samantha, apellido=Jara, genero=F, cedula=7848484]
2022-07-11 19:50:37 INFO  root:149 - Persona encontrada con TypedQuery y NamedQuery: Persona [id=13, nombre=Rom, apellido=Aguilar, genero=F, cedula=45612315]
2022-07-11 19:50:37 INFO  root:154 - Personas buscadas por nombre y apellido: Persona [id=13, nombre=Rom, apellido=Aguilar, genero=F, cedula=45612315]
2022-07-11 19:50:37 INFO  root:154 - Personas buscadas por nombre y apellido: Persona [id=19, nombre=Rom, apellido=Aguilar, genero=F, cedula=451234]
2022-07-11 19:55:19 INFO  root:142 - Persona encontrada con typed: Persona [id=18, nombre=Carolina, apellido=Isasia, genero=F, cedula=8884541]
2022-07-11 19:55:19 INFO  root:146 - Persona encontrada con Named: Persona [id=15, nombre=Samantha, apellido=Jara, genero=F, cedula=7848484]
2022-07-11 19:55:19 INFO  root:149 - Persona encontrada con TypedQuery y NamedQuery: Persona [id=13, nombre=Rom, apellido=Aguilar, genero=F, cedula=45612315]
2022-07-11 19:55:19 INFO  root:154 - Personas buscadas por nombre y apellido: Persona [id=13, nombre=Rom, apellido=Aguilar, genero=F, cedula=45612315]
2022-07-11 19:55:19 INFO  root:154 - Personas buscadas por nombre y apellido: Persona [id=19, nombre=Rom, apellido=Aguilar, genero=F, cedula=451234]
2022-07-11 20:00:46 INFO  root:142 - Persona encontrada con typed: Persona [id=18, nombre=Carolina, apellido=Isasia, genero=F, cedula=8884541]
2022-07-11 20:00:46 INFO  root:146 - Persona encontrada con Named: Persona [id=15, nombre=Samantha, apellido=Jara, genero=F, cedula=7848484]
2022-07-11 20:00:46 INFO  root:149 - Persona encontrada con TypedQuery y NamedQuery: Persona [id=13, nombre=Rom, apellido=Aguilar, genero=F, cedula=45612315]
2022-07-11 20:00:46 INFO  root:154 - Personas buscadas por nombre y apellido: Persona [id=13, nombre=Rom, apellido=Aguilar, genero=F, cedula=45612315]
2022-07-11 20:00:46 INFO  root:154 - Personas buscadas por nombre y apellido: Persona [id=19, nombre=Rom, apellido=Aguilar, genero=F, cedula=451234]
2022-07-12 11:43:01 INFO  root:166 - Estudiante encontrada por edad: [Estudiante [id=2, nombre=Romina, apellido=Ramirez, correo=rramires21@gamil.com, edad=20]]
2022-07-12 11:43:01 INFO  root:170 - Estudiante encontrada con correo: Estudiante [id=1, nombre=Xavi, apellido=Aguilar, correo=kevinjkevps4@gmai.com, edad=24]
2022-07-12 11:43:01 INFO  root:174 - Estudiante encontrada por edad: [Estudiante [id=2, nombre=Romina, apellido=Ramirez, correo=rramires21@gamil.com, edad=20]]
2022-07-12 11:43:01 INFO  root:178 - Estudiante encontrada por edad: [Estudiante [id=5, nombre=Juanito, apellido=Pereza, correo=kkkashy@gmai.com, edad=25]]
2022-07-12 11:43:01 INFO  root:182 - Estudiante encontrada por edad: [Estudiante [id=1, nombre=Xavi, apellido=Aguilar, correo=kevinjkevps4@gmai.com, edad=24]]
2022-07-12 11:43:01 INFO  root:186 - Estudiante encontrada con correo: Estudiante [id=5, nombre=Juanito, apellido=Pereza, correo=kkkashy@gmai.com, edad=25]
2022-07-12 11:44:08 INFO  root:166 - Estudiante encontrada por edad (Typed): [Estudiante [id=2, nombre=Romina, apellido=Ramirez, correo=rramires21@gamil.com, edad=20]]
2022-07-12 11:44:08 INFO  root:170 - Estudiante encontrada con correo(Typed): Estudiante [id=1, nombre=Xavi, apellido=Aguilar, correo=kevinjkevps4@gmai.com, edad=24]
2022-07-12 11:44:08 INFO  root:174 - Estudiante encontrada por nombre y apellido(Named): [Estudiante [id=2, nombre=Romina, apellido=Ramirez, correo=rramires21@gamil.com, edad=20]]
2022-07-12 11:44:08 INFO  root:178 - Estudiante encontrada por nombre y edad(Named): [Estudiante [id=5, nombre=Juanito, apellido=Pereza, correo=kkkashy@gmai.com, edad=25]]
2022-07-12 11:44:08 INFO  root:182 - Estudiante encontrada por apellido y edad(TypedNamed): [Estudiante [id=1, nombre=Xavi, apellido=Aguilar, correo=kevinjkevps4@gmai.com, edad=24]]
2022-07-12 11:44:08 INFO  root:186 - Estudiante encontrada con correo(TypedNamed): Estudiante [id=5, nombre=Juanito, apellido=Pereza, correo=kkkashy@gmai.com, edad=25]
2022-07-12 19:06:05 INFO  root:165 - Persona encontrada con Native Query: Persona [id=19, nombre=Rom, apellido=Aguilar, genero=F, cedula=451234]
2022-07-12 19:21:25 INFO  root:162 - Persona encontrada con Native Query: Persona [id=19, nombre=Rom, apellido=Aguilar, genero=F, cedula=451234]
2022-07-12 19:28:54 INFO  root:162 - Persona encontrada con Native Query: Persona [id=19, nombre=Rom, apellido=Aguilar, genero=F, cedula=451234]
2022-07-12 19:28:54 INFO  root:166 - Persona encontrada con Named Native Query: Persona [id=19, nombre=Rom, apellido=Aguilar, genero=F, cedula=451234]
2022-07-12 19:30:45 INFO  root:159 - Persona encontrada con Native Query: Persona [id=19, nombre=Rom, apellido=Aguilar, genero=F, cedula=451234]
2022-07-12 19:30:45 INFO  root:163 - Persona encontrada con Named Native Query: Persona [id=19, nombre=Rom, apellido=Aguilar, genero=F, cedula=451234]
2022-07-14 12:32:05 INFO  root:159 - Estudiante encontrado con Native Query: Estudiante [id=4, nombre=Pereza, apellido=Juanito, correo=kkkashy@gmai.com, edad=25]
2022-07-14 12:32:05 INFO  root:163 - Estudiante encontrado con Native Query: [Estudiante [id=1, nombre=Xavier, apellido=Aguilar, correo=kevinjkevps4@gmail.com, edad=21]]
2022-07-14 12:32:44 INFO  root:159 - Estudiante encontrado con Native Query: Estudiante [id=4, nombre=Pereza, apellido=Juanito, correo=kkkashy@gmai.com, edad=25]
2022-07-14 12:33:01 INFO  root:159 - Estudiante encontrado con Native Query: Estudiante [id=4, nombre=Pereza, apellido=Juanito, correo=kkkashy@gmai.com, edad=25]
2022-07-14 12:33:01 INFO  root:163 - Estudiante encontrado con Native Query: [Estudiante [id=1, nombre=Xavier, apellido=Aguilar, correo=kevinjkevps4@gmail.com, edad=21]]
2022-07-14 12:33:26 INFO  root:159 - Estudiante encontrado con Native Query: Estudiante [id=4, nombre=Pereza, apellido=Juanito, correo=kkkashy@gmai.com, edad=25]
2022-07-14 12:33:26 INFO  root:163 - Estudiante encontrado con Native Query: [Estudiante [id=1, nombre=Xavier, apellido=Aguilar, correo=kevinjkevps4@gmail.com, edad=21]]
2022-07-14 12:36:29 INFO  root:159 - Estudiante encontrado con Native Query: Estudiante [id=4, nombre=Pereza, apellido=Juanito, correo=kkkashy@gmai.com, edad=25]
2022-07-14 12:36:29 INFO  root:163 - Estudiante encontrado con Native Query: [Estudiante [id=1, nombre=Xavier, apellido=Aguilar, correo=kevinjkevps4@gmail.com, edad=21]]
2022-07-14 12:36:29 INFO  root:168 - Estudiante encontrado con Named Native Query: Estudiante [id=2, nombre=Ramirez, apellido=Romina, correo=rramires21@gamil.com, edad=20]
2022-07-14 12:36:29 INFO  root:173 - Estudiante encontrado con Named Native Query: []
2022-07-14 12:37:05 INFO  root:159 - Estudiante encontrado con Native Query: Estudiante [id=4, nombre=Pereza, apellido=Juanito, correo=kkkashy@gmai.com, edad=25]
2022-07-14 12:37:05 INFO  root:163 - Estudiante encontrado con Native Query: [Estudiante [id=1, nombre=Xavier, apellido=Aguilar, correo=kevinjkevps4@gmail.com, edad=21]]
2022-07-14 12:37:05 INFO  root:168 - Estudiante encontrado con Named Native Query: Estudiante [id=2, nombre=Ramirez, apellido=Romina, correo=rramires21@gamil.com, edad=20]
2022-07-14 12:37:05 INFO  root:173 - Estudiante encontrado con Named Native Query: [Estudiante [id=1, nombre=Xavier, apellido=Aguilar, correo=kevinjkevps4@gmail.com, edad=21]]
